[0.865s] DEBUG:colcon:Command line arguments: ['/usr/bin/colcon', 'build']
[0.866s] DEBUG:colcon:Parsed command line arguments: Namespace(allow_overriding=[], ament_cmake_args=None, base_paths=['.'], build_base='build', catkin_cmake_args=None, catkin_skip_building_tests=False, cmake_args=None, cmake_clean_cache=False, cmake_clean_first=False, cmake_force_configure=False, cmake_target=None, cmake_target_skip_unavailable=False, continue_on_error=False, event_handlers=None, executor='parallel', ignore_user_meta=False, install_base='install', log_base=None, log_level=None, main=<bound method BuildVerb.main of <colcon_core.verb.build.BuildVerb object at 0xffff98916d60>>, merge_install=False, metas=['./colcon.meta'], packages_above=None, packages_above_and_dependencies=None, packages_above_depth=None, packages_end=None, packages_ignore=None, packages_ignore_regex=None, packages_select=None, packages_select_build_failed=False, packages_select_by_dep=None, packages_select_regex=None, packages_select_test_failures=False, packages_skip=None, packages_skip_build_finished=False, packages_skip_by_dep=None, packages_skip_regex=None, packages_skip_test_passed=False, packages_skip_up_to=None, packages_start=None, packages_up_to=None, packages_up_to_regex=None, parallel_workers=4, paths=None, symlink_install=False, test_result_base=None, verb_extension=<colcon_core.verb.build.BuildVerb object at 0xffff98916d60>, verb_name='build', verb_parser=<colcon_defaults.argument_parser.defaults.DefaultArgumentsDecorator object at 0xffff9891f310>)
[0.901s] Level 1:colcon.colcon_core.package_discovery:discover_packages(colcon_meta) check parameters
[0.901s] Level 1:colcon.colcon_core.package_discovery:discover_packages(recursive) check parameters
[0.901s] Level 1:colcon.colcon_core.package_discovery:discover_packages(ignore) check parameters
[0.902s] Level 1:colcon.colcon_core.package_discovery:discover_packages(path) check parameters
[0.902s] Level 1:colcon.colcon_core.package_discovery:discover_packages(colcon_meta) discover
[0.902s] Level 1:colcon.colcon_core.package_discovery:discover_packages(recursive) discover
[0.902s] INFO:colcon.colcon_core.package_discovery:Crawling recursively for packages in '/home/kazu/dev_ws/src/robotarm'
[0.903s] Level 1:colcon.colcon_core.package_identification:_identify(.) by extensions ['ignore', 'ignore_ament_install']
[0.903s] Level 1:colcon.colcon_core.package_identification:_identify(.) by extension 'ignore'
[0.903s] Level 1:colcon.colcon_core.package_identification:_identify(.) by extension 'ignore_ament_install'
[0.904s] Level 1:colcon.colcon_core.package_identification:_identify(.) by extensions ['colcon_pkg']
[0.904s] Level 1:colcon.colcon_core.package_identification:_identify(.) by extension 'colcon_pkg'
[0.904s] Level 1:colcon.colcon_core.package_identification:_identify(.) by extensions ['colcon_meta']
[0.904s] Level 1:colcon.colcon_core.package_identification:_identify(.) by extension 'colcon_meta'
[0.904s] Level 1:colcon.colcon_core.package_identification:_identify(.) by extensions ['ros']
[0.904s] Level 1:colcon.colcon_core.package_identification:_identify(.) by extension 'ros'
[0.968s] Level 1:colcon.colcon_core.package_identification:_identify(.) by extensions ['cmake', 'python']
[0.968s] Level 1:colcon.colcon_core.package_identification:_identify(.) by extension 'cmake'
[0.968s] Level 1:colcon.colcon_core.package_identification:_identify(.) by extension 'python'
[0.968s] Level 1:colcon.colcon_core.package_identification:_identify(.) by extensions ['python_setup_py']
[0.969s] Level 1:colcon.colcon_core.package_identification:_identify(.) by extension 'python_setup_py'
[0.969s] Level 1:colcon.colcon_core.package_identification:_identify(build) by extensions ['ignore', 'ignore_ament_install']
[0.970s] Level 1:colcon.colcon_core.package_identification:_identify(build) by extension 'ignore'
[0.970s] Level 1:colcon.colcon_core.package_identification:_identify(build) ignored
[0.970s] Level 1:colcon.colcon_core.package_identification:_identify(install) by extensions ['ignore', 'ignore_ament_install']
[0.971s] Level 1:colcon.colcon_core.package_identification:_identify(install) by extension 'ignore'
[0.971s] Level 1:colcon.colcon_core.package_identification:_identify(install) ignored
[0.971s] Level 1:colcon.colcon_core.package_identification:_identify(log) by extensions ['ignore', 'ignore_ament_install']
[0.972s] Level 1:colcon.colcon_core.package_identification:_identify(log) by extension 'ignore'
[0.972s] Level 1:colcon.colcon_core.package_identification:_identify(log) ignored
[0.972s] Level 1:colcon.colcon_core.package_identification:_identify(mg996r) by extensions ['ignore', 'ignore_ament_install']
[0.973s] Level 1:colcon.colcon_core.package_identification:_identify(mg996r) by extension 'ignore'
[0.973s] Level 1:colcon.colcon_core.package_identification:_identify(mg996r) by extension 'ignore_ament_install'
[0.973s] Level 1:colcon.colcon_core.package_identification:_identify(mg996r) by extensions ['colcon_pkg']
[0.973s] Level 1:colcon.colcon_core.package_identification:_identify(mg996r) by extension 'colcon_pkg'
[0.973s] Level 1:colcon.colcon_core.package_identification:_identify(mg996r) by extensions ['colcon_meta']
[0.974s] Level 1:colcon.colcon_core.package_identification:_identify(mg996r) by extension 'colcon_meta'
[0.974s] Level 1:colcon.colcon_core.package_identification:_identify(mg996r) by extensions ['ros']
[0.974s] Level 1:colcon.colcon_core.package_identification:_identify(mg996r) by extension 'ros'
[0.987s] DEBUG:colcon.colcon_core.package_identification:Package 'mg996r' with type 'ros.ament_cmake' and name 'mg996r'
[0.989s] Level 1:colcon.colcon_core.package_identification:_identify(mg996r_messages) by extensions ['ignore', 'ignore_ament_install']
[0.989s] Level 1:colcon.colcon_core.package_identification:_identify(mg996r_messages) by extension 'ignore'
[0.989s] Level 1:colcon.colcon_core.package_identification:_identify(mg996r_messages) by extension 'ignore_ament_install'
[0.990s] Level 1:colcon.colcon_core.package_identification:_identify(mg996r_messages) by extensions ['colcon_pkg']
[0.990s] Level 1:colcon.colcon_core.package_identification:_identify(mg996r_messages) by extension 'colcon_pkg'
[0.990s] Level 1:colcon.colcon_core.package_identification:_identify(mg996r_messages) by extensions ['colcon_meta']
[0.990s] Level 1:colcon.colcon_core.package_identification:_identify(mg996r_messages) by extension 'colcon_meta'
[0.990s] Level 1:colcon.colcon_core.package_identification:_identify(mg996r_messages) by extensions ['ros']
[0.990s] Level 1:colcon.colcon_core.package_identification:_identify(mg996r_messages) by extension 'ros'
[0.993s] DEBUG:colcon.colcon_core.package_identification:Package 'mg996r_messages' with type 'ros.ament_cmake' and name 'mg996r_messages'
[0.994s] Level 1:colcon.colcon_core.package_identification:_identify(test_operation) by extensions ['ignore', 'ignore_ament_install']
[0.994s] Level 1:colcon.colcon_core.package_identification:_identify(test_operation) by extension 'ignore'
[0.995s] Level 1:colcon.colcon_core.package_identification:_identify(test_operation) by extension 'ignore_ament_install'
[0.995s] Level 1:colcon.colcon_core.package_identification:_identify(test_operation) by extensions ['colcon_pkg']
[0.995s] Level 1:colcon.colcon_core.package_identification:_identify(test_operation) by extension 'colcon_pkg'
[0.995s] Level 1:colcon.colcon_core.package_identification:_identify(test_operation) by extensions ['colcon_meta']
[0.995s] Level 1:colcon.colcon_core.package_identification:_identify(test_operation) by extension 'colcon_meta'
[0.995s] Level 1:colcon.colcon_core.package_identification:_identify(test_operation) by extensions ['ros']
[0.996s] Level 1:colcon.colcon_core.package_identification:_identify(test_operation) by extension 'ros'
[0.998s] DEBUG:colcon.colcon_core.package_identification:Package 'test_operation' with type 'ros.ament_cmake' and name 'test_operation'
[0.998s] Level 1:colcon.colcon_core.package_discovery:discover_packages(recursive) using defaults
[0.999s] Level 1:colcon.colcon_core.package_discovery:discover_packages(ignore) discover
[0.999s] Level 1:colcon.colcon_core.package_discovery:discover_packages(ignore) using defaults
[0.999s] Level 1:colcon.colcon_core.package_discovery:discover_packages(path) discover
[0.999s] Level 1:colcon.colcon_core.package_discovery:discover_packages(path) using defaults
[1.090s] Level 5:colcon.colcon_core.verb:set package 'mg996r' build argument 'cmake_args' from command line to 'None'
[1.090s] Level 5:colcon.colcon_core.verb:set package 'mg996r' build argument 'cmake_target' from command line to 'None'
[1.090s] Level 5:colcon.colcon_core.verb:set package 'mg996r' build argument 'cmake_target_skip_unavailable' from command line to 'False'
[1.091s] Level 5:colcon.colcon_core.verb:set package 'mg996r' build argument 'cmake_clean_cache' from command line to 'False'
[1.091s] Level 5:colcon.colcon_core.verb:set package 'mg996r' build argument 'cmake_clean_first' from command line to 'False'
[1.091s] Level 5:colcon.colcon_core.verb:set package 'mg996r' build argument 'cmake_force_configure' from command line to 'False'
[1.091s] Level 5:colcon.colcon_core.verb:set package 'mg996r' build argument 'ament_cmake_args' from command line to 'None'
[1.091s] Level 5:colcon.colcon_core.verb:set package 'mg996r' build argument 'catkin_cmake_args' from command line to 'None'
[1.091s] Level 5:colcon.colcon_core.verb:set package 'mg996r' build argument 'catkin_skip_building_tests' from command line to 'False'
[1.091s] DEBUG:colcon.colcon_core.verb:Building package 'mg996r' with the following arguments: {'ament_cmake_args': None, 'build_base': '/home/kazu/dev_ws/src/robotarm/build/mg996r', 'catkin_cmake_args': None, 'catkin_skip_building_tests': False, 'cmake_args': None, 'cmake_clean_cache': False, 'cmake_clean_first': False, 'cmake_force_configure': False, 'cmake_target': None, 'cmake_target_skip_unavailable': False, 'install_base': '/home/kazu/dev_ws/src/robotarm/install/mg996r', 'merge_install': False, 'path': '/home/kazu/dev_ws/src/robotarm/mg996r', 'symlink_install': False, 'test_result_base': None}
[1.094s] Level 5:colcon.colcon_core.verb:set package 'mg996r_messages' build argument 'cmake_args' from command line to 'None'
[1.095s] Level 5:colcon.colcon_core.verb:set package 'mg996r_messages' build argument 'cmake_target' from command line to 'None'
[1.095s] Level 5:colcon.colcon_core.verb:set package 'mg996r_messages' build argument 'cmake_target_skip_unavailable' from command line to 'False'
[1.095s] Level 5:colcon.colcon_core.verb:set package 'mg996r_messages' build argument 'cmake_clean_cache' from command line to 'False'
[1.095s] Level 5:colcon.colcon_core.verb:set package 'mg996r_messages' build argument 'cmake_clean_first' from command line to 'False'
[1.095s] Level 5:colcon.colcon_core.verb:set package 'mg996r_messages' build argument 'cmake_force_configure' from command line to 'False'
[1.095s] Level 5:colcon.colcon_core.verb:set package 'mg996r_messages' build argument 'ament_cmake_args' from command line to 'None'
[1.095s] Level 5:colcon.colcon_core.verb:set package 'mg996r_messages' build argument 'catkin_cmake_args' from command line to 'None'
[1.095s] Level 5:colcon.colcon_core.verb:set package 'mg996r_messages' build argument 'catkin_skip_building_tests' from command line to 'False'
[1.096s] DEBUG:colcon.colcon_core.verb:Building package 'mg996r_messages' with the following arguments: {'ament_cmake_args': None, 'build_base': '/home/kazu/dev_ws/src/robotarm/build/mg996r_messages', 'catkin_cmake_args': None, 'catkin_skip_building_tests': False, 'cmake_args': None, 'cmake_clean_cache': False, 'cmake_clean_first': False, 'cmake_force_configure': False, 'cmake_target': None, 'cmake_target_skip_unavailable': False, 'install_base': '/home/kazu/dev_ws/src/robotarm/install/mg996r_messages', 'merge_install': False, 'path': '/home/kazu/dev_ws/src/robotarm/mg996r_messages', 'symlink_install': False, 'test_result_base': None}
[1.099s] Level 5:colcon.colcon_core.verb:set package 'test_operation' build argument 'cmake_args' from command line to 'None'
[1.099s] Level 5:colcon.colcon_core.verb:set package 'test_operation' build argument 'cmake_target' from command line to 'None'
[1.099s] Level 5:colcon.colcon_core.verb:set package 'test_operation' build argument 'cmake_target_skip_unavailable' from command line to 'False'
[1.099s] Level 5:colcon.colcon_core.verb:set package 'test_operation' build argument 'cmake_clean_cache' from command line to 'False'
[1.099s] Level 5:colcon.colcon_core.verb:set package 'test_operation' build argument 'cmake_clean_first' from command line to 'False'
[1.099s] Level 5:colcon.colcon_core.verb:set package 'test_operation' build argument 'cmake_force_configure' from command line to 'False'
[1.099s] Level 5:colcon.colcon_core.verb:set package 'test_operation' build argument 'ament_cmake_args' from command line to 'None'
[1.100s] Level 5:colcon.colcon_core.verb:set package 'test_operation' build argument 'catkin_cmake_args' from command line to 'None'
[1.100s] Level 5:colcon.colcon_core.verb:set package 'test_operation' build argument 'catkin_skip_building_tests' from command line to 'False'
[1.100s] DEBUG:colcon.colcon_core.verb:Building package 'test_operation' with the following arguments: {'ament_cmake_args': None, 'build_base': '/home/kazu/dev_ws/src/robotarm/build/test_operation', 'catkin_cmake_args': None, 'catkin_skip_building_tests': False, 'cmake_args': None, 'cmake_clean_cache': False, 'cmake_clean_first': False, 'cmake_force_configure': False, 'cmake_target': None, 'cmake_target_skip_unavailable': False, 'install_base': '/home/kazu/dev_ws/src/robotarm/install/test_operation', 'merge_install': False, 'path': '/home/kazu/dev_ws/src/robotarm/test_operation', 'symlink_install': False, 'test_result_base': None}
[1.122s] INFO:colcon.colcon_core.executor:Executing jobs using 'parallel' executor
[1.130s] DEBUG:colcon.colcon_parallel_executor.executor.parallel:run_until_complete
[1.132s] INFO:colcon.colcon_ros.task.ament_cmake.build:Building ROS package in '/home/kazu/dev_ws/src/robotarm/mg996r' with build type 'ament_cmake'
[1.132s] INFO:colcon.colcon_cmake.task.cmake.build:Building CMake package in '/home/kazu/dev_ws/src/robotarm/mg996r'
[1.159s] INFO:colcon.colcon_core.plugin_system:Skipping extension 'colcon_core.shell.bat': Not used on non-Windows systems
[1.160s] INFO:colcon.colcon_core.shell:Skip shell extension 'powershell' for command environment: Not usable outside of PowerShell
[1.160s] DEBUG:colcon.colcon_core.shell:Skip shell extension 'dsv' for command environment
[1.181s] INFO:colcon.colcon_ros.task.ament_cmake.build:Building ROS package in '/home/kazu/dev_ws/src/robotarm/mg996r_messages' with build type 'ament_cmake'
[1.183s] INFO:colcon.colcon_cmake.task.cmake.build:Building CMake package in '/home/kazu/dev_ws/src/robotarm/mg996r_messages'
[1.186s] INFO:colcon.colcon_core.shell:Skip shell extension 'powershell' for command environment: Not usable outside of PowerShell
[1.187s] DEBUG:colcon.colcon_core.shell:Skip shell extension 'dsv' for command environment
[1.210s] INFO:colcon.colcon_ros.task.ament_cmake.build:Building ROS package in '/home/kazu/dev_ws/src/robotarm/test_operation' with build type 'ament_cmake'
[1.211s] INFO:colcon.colcon_cmake.task.cmake.build:Building CMake package in '/home/kazu/dev_ws/src/robotarm/test_operation'
[1.214s] INFO:colcon.colcon_core.shell:Skip shell extension 'powershell' for command environment: Not usable outside of PowerShell
[1.214s] DEBUG:colcon.colcon_core.shell:Skip shell extension 'dsv' for command environment
[1.271s] DEBUG:colcon.colcon_core.event_handler.log_command:Invoking command in '/home/kazu/dev_ws/src/robotarm/build/mg996r': CMAKE_PREFIX_PATH=/opt/ros/foxy /usr/bin/cmake /home/kazu/dev_ws/src/robotarm/mg996r -DCMAKE_INSTALL_PREFIX=/home/kazu/dev_ws/src/robotarm/install/mg996r
[1.293s] DEBUG:colcon.colcon_core.event_handler.log_command:Invoking command in '/home/kazu/dev_ws/src/robotarm/build/mg996r_messages': CMAKE_PREFIX_PATH=/opt/ros/foxy /usr/bin/cmake /home/kazu/dev_ws/src/robotarm/mg996r_messages -DCMAKE_INSTALL_PREFIX=/home/kazu/dev_ws/src/robotarm/install/mg996r_messages
[1.319s] DEBUG:colcon.colcon_core.event_handler.log_command:Invoking command in '/home/kazu/dev_ws/src/robotarm/build/test_operation': CMAKE_PREFIX_PATH=/opt/ros/foxy /usr/bin/cmake /home/kazu/dev_ws/src/robotarm/test_operation -DCMAKE_INSTALL_PREFIX=/home/kazu/dev_ws/src/robotarm/install/test_operation
[11.483s] DEBUG:colcon.colcon_core.event_handler.log_command:Invoked command in '/home/kazu/dev_ws/src/robotarm/build/mg996r' returned '1': CMAKE_PREFIX_PATH=/opt/ros/foxy /usr/bin/cmake /home/kazu/dev_ws/src/robotarm/mg996r -DCMAKE_INSTALL_PREFIX=/home/kazu/dev_ws/src/robotarm/install/mg996r
[11.496s] DEBUG:colcon.colcon_core.event_handler.log_command:Invoked command in '/home/kazu/dev_ws/src/robotarm/build/test_operation' returned '1': CMAKE_PREFIX_PATH=/opt/ros/foxy /usr/bin/cmake /home/kazu/dev_ws/src/robotarm/test_operation -DCMAKE_INSTALL_PREFIX=/home/kazu/dev_ws/src/robotarm/install/test_operation
[11.547s] Level 1:colcon.colcon_core.environment:create_environment_scripts_only(mg996r)
[11.581s] Level 1:colcon.colcon_core.environment:checking '/home/kazu/dev_ws/src/robotarm/install/mg996r' for CMake module files
[11.583s] Level 1:colcon.colcon_core.environment:checking '/home/kazu/dev_ws/src/robotarm/install/mg996r' for CMake config files
[11.585s] Level 1:colcon.colcon_core.environment:checking '/home/kazu/dev_ws/src/robotarm/install/mg996r/bin'
[11.585s] Level 1:colcon.colcon_core.environment:checking '/home/kazu/dev_ws/src/robotarm/install/mg996r/lib/pkgconfig/mg996r.pc'
[11.586s] Level 1:colcon.colcon_core.environment:checking '/home/kazu/dev_ws/src/robotarm/install/mg996r/lib/python3.8/site-packages'
[11.588s] INFO:colcon.colcon_core.shell:Creating package script '/home/kazu/dev_ws/src/robotarm/install/mg996r/share/mg996r/package.ps1'
[11.593s] INFO:colcon.colcon_core.shell:Creating package descriptor '/home/kazu/dev_ws/src/robotarm/install/mg996r/share/mg996r/package.dsv'
[11.595s] INFO:colcon.colcon_core.shell:Creating package script '/home/kazu/dev_ws/src/robotarm/install/mg996r/share/mg996r/package.sh'
[11.600s] INFO:colcon.colcon_core.shell:Creating package script '/home/kazu/dev_ws/src/robotarm/install/mg996r/share/mg996r/package.bash'
[11.604s] INFO:colcon.colcon_core.shell:Creating package script '/home/kazu/dev_ws/src/robotarm/install/mg996r/share/mg996r/package.zsh'
[11.608s] Level 1:colcon.colcon_core.environment:create_file_with_runtime_dependencies(/home/kazu/dev_ws/src/robotarm/install/mg996r/share/colcon-core/packages/mg996r)
[11.823s] DEBUG:colcon.colcon_parallel_executor.executor.parallel:closing loop
[11.824s] DEBUG:colcon.colcon_parallel_executor.executor.parallel:loop closed
[11.824s] DEBUG:colcon.colcon_parallel_executor.executor.parallel:run_until_complete finished with '1'
[11.825s] DEBUG:colcon.colcon_core.event_reactor:joining thread
[11.867s] INFO:colcon.colcon_core.plugin_system:Skipping extension 'colcon_notification.desktop_notification.terminal_notifier': Not used on non-Darwin systems
[11.867s] INFO:colcon.colcon_core.plugin_system:Skipping extension 'colcon_notification.desktop_notification.win32': Not used on non-Windows systems
[11.868s] INFO:colcon.colcon_notification.desktop_notification:Sending desktop notification using 'notify2'
[11.946s] DEBUG:colcon.colcon_core.event_reactor:joined thread
[11.949s] INFO:colcon.colcon_core.shell:Creating prefix script '/home/kazu/dev_ws/src/robotarm/install/local_setup.ps1'
[11.953s] INFO:colcon.colcon_core.shell:Creating prefix util module '/home/kazu/dev_ws/src/robotarm/install/_local_setup_util_ps1.py'
[11.973s] INFO:colcon.colcon_core.shell:Creating prefix chain script '/home/kazu/dev_ws/src/robotarm/install/setup.ps1'
[11.988s] INFO:colcon.colcon_core.shell:Creating prefix script '/home/kazu/dev_ws/src/robotarm/install/local_setup.sh'
[11.992s] INFO:colcon.colcon_core.shell:Creating prefix util module '/home/kazu/dev_ws/src/robotarm/install/_local_setup_util_sh.py'
[11.995s] INFO:colcon.colcon_core.shell:Creating prefix chain script '/home/kazu/dev_ws/src/robotarm/install/setup.sh'
[12.007s] INFO:colcon.colcon_core.shell:Creating prefix script '/home/kazu/dev_ws/src/robotarm/install/local_setup.bash'
[12.012s] INFO:colcon.colcon_core.shell:Creating prefix chain script '/home/kazu/dev_ws/src/robotarm/install/setup.bash'
[12.018s] INFO:colcon.colcon_core.shell:Creating prefix script '/home/kazu/dev_ws/src/robotarm/install/local_setup.zsh'
[12.023s] INFO:colcon.colcon_core.shell:Creating prefix chain script '/home/kazu/dev_ws/src/robotarm/install/setup.zsh'
