[0.136s] Invoking command in '/home/kazu/dev_ws/src/robotarm/build/mg996r': CMAKE_PREFIX_PATH=/opt/ros/foxy /usr/bin/cmake /home/kazu/dev_ws/src/robotarm/mg996r -DCMAKE_INSTALL_PREFIX=/home/kazu/dev_ws/src/robotarm/install/mg996r
[0.899s] -- The C compiler identification is GNU 9.3.0
[1.718s] -- The CXX compiler identification is GNU 9.3.0
[1.748s] -- Check for working C compiler: /usr/bin/cc
[2.157s] -- Check for working C compiler: /usr/bin/cc -- works
[2.165s] -- Detecting C compiler ABI info
[2.566s] -- Detecting C compiler ABI info - done
[2.608s] -- Detecting C compile features
[2.611s] -- Detecting C compile features - done
[2.623s] -- Check for working CXX compiler: /usr/bin/c++
[3.108s] -- Check for working CXX compiler: /usr/bin/c++ -- works
[3.114s] -- Detecting CXX compiler ABI info
[3.553s] -- Detecting CXX compiler ABI info - done
[3.596s] -- Detecting CXX compile features
[3.598s] -- Detecting CXX compile features - done
[3.636s] -- Found ament_cmake: 0.9.9 (/opt/ros/foxy/share/ament_cmake/cmake)
[3.820s] -- Found PythonInterp: /usr/bin/python3 (found suitable version "3.8.10", minimum required is "3") 
[3.822s] -- Using PYTHON_EXECUTABLE: /usr/bin/python3
[5.281s] -- Found rclcpp: 2.4.1 (/opt/ros/foxy/share/rclcpp/cmake)
[5.676s] -- Using all available rosidl_typesupport_c: rosidl_typesupport_fastrtps_c;rosidl_typesupport_introspection_c
[5.733s] -- Found rosidl_adapter: 1.2.1 (/opt/ros/foxy/share/rosidl_adapter/cmake)
[6.377s] -- Found OpenSSL: /usr/lib/aarch64-linux-gnu/libcrypto.so (found version "1.1.1f")  
[6.682s] -- Found FastRTPS: /opt/ros/foxy/include  
[7.357s] -- Using all available rosidl_typesupport_cpp: rosidl_typesupport_fastrtps_cpp;rosidl_typesupport_introspection_cpp
[7.723s] -- Found rmw_implementation_cmake: 1.0.3 (/opt/ros/foxy/share/rmw_implementation_cmake/cmake)
[7.732s] -- Using RMW implementation 'rmw_fastrtps_cpp' as default
[7.741s] -- Looking for pthread.h
[8.194s] -- Looking for pthread.h - found
[8.195s] -- Performing Test CMAKE_HAVE_LIBC_PTHREAD
[8.581s] -- Performing Test CMAKE_HAVE_LIBC_PTHREAD - Failed
[8.582s] -- Looking for pthread_create in pthreads
[8.880s] -- Looking for pthread_create in pthreads - not found
[8.881s] -- Looking for pthread_create in pthread
[9.249s] -- Looking for pthread_create in pthread - found
[9.250s] -- Found Threads: TRUE  
[10.284s] CMake Error at CMakeLists.txt:22 (find_package):
[10.284s]   By not providing "Findmg996r_messages.cmake" in CMAKE_MODULE_PATH this
[10.285s]   project has asked CMake to find a package configuration file provided by
[10.285s]   "mg996r_messages", but CMake did not find one.
[10.285s] 
[10.286s]   Could not find a package configuration file provided by "mg996r_messages"
[10.286s]   with any of the following names:
[10.286s] 
[10.287s]     mg996r_messagesConfig.cmake
[10.287s]     mg996r_messages-config.cmake
[10.287s] 
[10.288s]   Add the installation prefix of "mg996r_messages" to CMAKE_PREFIX_PATH or
[10.288s]   set "mg996r_messages_DIR" to a directory containing one of the above files.
[10.289s]   If "mg996r_messages" provides a separate development package or SDK, be
[10.289s]   sure it has been installed.
[10.289s] 
[10.295s] 
[10.299s] -- Configuring incomplete, errors occurred!
[10.300s] See also "/home/kazu/dev_ws/src/robotarm/build/mg996r/CMakeFiles/CMakeOutput.log".
[10.300s] See also "/home/kazu/dev_ws/src/robotarm/build/mg996r/CMakeFiles/CMakeError.log".
[10.349s] Invoked command in '/home/kazu/dev_ws/src/robotarm/build/mg996r' returned '1': CMAKE_PREFIX_PATH=/opt/ros/foxy /usr/bin/cmake /home/kazu/dev_ws/src/robotarm/mg996r -DCMAKE_INSTALL_PREFIX=/home/kazu/dev_ws/src/robotarm/install/mg996r
