[0.110s] Invoking command in '/home/kazu/dev_ws/src/robotarm/build/mg996r_messages': CMAKE_PREFIX_PATH=/opt/ros/foxy /usr/bin/cmake /home/kazu/dev_ws/src/robotarm/mg996r_messages -DCMAKE_INSTALL_PREFIX=/home/kazu/dev_ws/src/robotarm/install/mg996r_messages
[0.851s] -- The C compiler identification is GNU 9.3.0
[1.668s] -- The CXX compiler identification is GNU 9.3.0
[1.700s] -- Check for working C compiler: /usr/bin/cc
[2.112s] -- Check for working C compiler: /usr/bin/cc -- works
[2.116s] -- Detecting C compiler ABI info
[2.515s] -- Detecting C compiler ABI info - done
[2.558s] -- Detecting C compile features
[2.561s] -- Detecting C compile features - done
[2.575s] -- Check for working CXX compiler: /usr/bin/c++
[3.060s] -- Check for working CXX compiler: /usr/bin/c++ -- works
[3.064s] -- Detecting CXX compiler ABI info
[3.508s] -- Detecting CXX compiler ABI info - done
[3.555s] -- Detecting CXX compile features
[3.557s] -- Detecting CXX compile features - done
[3.586s] -- Found ament_cmake: 0.9.9 (/opt/ros/foxy/share/ament_cmake/cmake)
[3.770s] -- Found PythonInterp: /usr/bin/python3 (found suitable version "3.8.10", minimum required is "3") 
[3.772s] -- Using PYTHON_EXECUTABLE: /usr/bin/python3
[5.231s] -- Found rosidl_default_generators: 1.0.1 (/opt/ros/foxy/share/rosidl_default_generators/cmake)
[5.266s] -- Using all available rosidl_typesupport_c: rosidl_typesupport_fastrtps_c;rosidl_typesupport_introspection_c
[5.332s] -- Found rosidl_adapter: 1.2.1 (/opt/ros/foxy/share/rosidl_adapter/cmake)
[6.226s] -- Found OpenSSL: /usr/lib/aarch64-linux-gnu/libcrypto.so (found version "1.1.1f")  
[6.530s] -- Found FastRTPS: /opt/ros/foxy/include  
[7.267s] -- Using all available rosidl_typesupport_cpp: rosidl_typesupport_fastrtps_cpp;rosidl_typesupport_introspection_cpp
[7.563s] -- Found PythonInterp: /usr/bin/python3 (found version "3.8.10") 
[8.273s] -- Found ament_cmake_ros: 0.9.2 (/opt/ros/foxy/share/ament_cmake_ros/cmake)
[9.391s] -- Using all available rosidl_typesupport_c: rosidl_typesupport_fastrtps_c;rosidl_typesupport_introspection_c
[9.434s] -- Using all available rosidl_typesupport_cpp: rosidl_typesupport_fastrtps_cpp;rosidl_typesupport_introspection_cpp
[9.559s] -- Found PythonInterp: /usr/bin/python3 (found suitable version "3.8.10", minimum required is "3.5") 
[9.577s] -- Found python_cmake_module: 0.8.1 (/opt/ros/foxy/share/python_cmake_module/cmake)
[9.734s] -- Found PythonLibs: /usr/lib/aarch64-linux-gnu/libpython3.8.so (found suitable version "3.8.10", minimum required is "3.5") 
[9.735s] -- Using PYTHON_EXECUTABLE: /usr/bin/python3
[9.736s] -- Using PYTHON_INCLUDE_DIRS: /usr/include/python3.8
[9.736s] -- Using PYTHON_LIBRARIES: /usr/lib/aarch64-linux-gnu/libpython3.8.so
[9.860s] -- Found PythonExtra: .so  
[10.090s] -- Found ament_lint_auto: 0.9.6 (/opt/ros/foxy/share/ament_lint_auto/cmake)
[10.355s] -- Added test 'copyright' to check source files copyright and LICENSE
[10.381s] -- Added test 'lint_cmake' to check CMake code style
[10.393s] -- Added test 'xmllint' to check XML markup files
[10.435s] -- Configuring done
[10.596s] -- Generating done
[10.610s] -- Build files have been written to: /home/kazu/dev_ws/src/robotarm/build/mg996r_messages
